<?xml version="1.0" encoding="UTF-8"?>
<!-- Generated by org.testng.reporters.JUnitReportReporter -->
<testsuite hostname="TRICONNODE109" name="src.coms.bidapp.PostDiscussion" tests="144" failures="0" timestamp="19 Oct 2015 09:15:18 GMT" time="2998.791" errors="3">
  <testcase name="NewPost" time="18.707" classname="src.coms.bidapp.PostDiscussion"/>
  <testcase name="NewPost" time="18.420" classname="src.coms.bidapp.PostDiscussion"/>
  <testcase name="NewPost" time="22.026" classname="src.coms.bidapp.PostDiscussion"/>
  <testcase name="NewPost" time="20.372" classname="src.coms.bidapp.PostDiscussion"/>
  <testcase name="NewPost" time="17.951" classname="src.coms.bidapp.PostDiscussion"/>
  <testcase name="NewPost" time="19.574" classname="src.coms.bidapp.PostDiscussion"/>
  <testcase name="NewPost" time="19.367" classname="src.coms.bidapp.PostDiscussion"/>
  <testcase name="NewPost" time="40.975" classname="src.coms.bidapp.PostDiscussion">
    <error type="org.openqa.selenium.NoSuchElementException" message="Unable to locate element: {&quot;method&quot;:&quot;xpath&quot;,&quot;selector&quot;:&quot;/html/body/div/div/div/table/tbody/tr/td[2]/img&quot;}
Command duration or timeout: 30.07 seconds
For documentation on this error, please visit: http://seleniumhq.org/exceptions/no_such_element.html
Build info: version: &#039;unknown&#039;, revision: &#039;unknown&#039;, time: &#039;unknown&#039;
System info: host: &#039;TRICONNODE109&#039;, ip: &#039;192.168.1.109&#039;, os.name: &#039;Windows 7&#039;, os.arch: &#039;amd64&#039;, os.version: &#039;6.1&#039;, java.version: &#039;1.7.0_80-ea&#039;
*** Element info: {Using=xpath, value=/html/body/div/div/div/table/tbody/tr/td[2]/img}
Session ID: f3d29d92-98e6-49f9-99cf-673abec5b436
Driver info: org.openqa.selenium.firefox.FirefoxDriver
Capabilities [{platform=WINDOWS, acceptSslCerts=true, javascriptEnabled=true, cssSelectorsEnabled=true, databaseEnabled=true, browserName=firefox, handlesAlerts=true, nativeEvents=false, webStorageEnabled=true, rotatable=false, locationContextEnabled=true, applicationCacheEnabled=true, takesScreenshot=true, version=41.0.2}]">
      <![CDATA[org.openqa.selenium.NoSuchElementException: Unable to locate element: {"method":"xpath","selector":"/html/body/div/div/div/table/tbody/tr/td[2]/img"}
Command duration or timeout: 30.07 seconds
For documentation on this error, please visit: http://seleniumhq.org/exceptions/no_such_element.html
Build info: version: 'unknown', revision: 'unknown', time: 'unknown'
System info: host: 'TRICONNODE109', ip: '192.168.1.109', os.name: 'Windows 7', os.arch: 'amd64', os.version: '6.1', java.version: '1.7.0_80-ea'
*** Element info: {Using=xpath, value=/html/body/div/div/div/table/tbody/tr/td[2]/img}
Session ID: f3d29d92-98e6-49f9-99cf-673abec5b436
Driver info: org.openqa.selenium.firefox.FirefoxDriver
Capabilities [{platform=WINDOWS, acceptSslCerts=true, javascriptEnabled=true, cssSelectorsEnabled=true, databaseEnabled=true, browserName=firefox, handlesAlerts=true, nativeEvents=false, webStorageEnabled=true, rotatable=false, locationContextEnabled=true, applicationCacheEnabled=true, takesScreenshot=true, version=41.0.2}]
	at sun.reflect.NativeConstructorAccessorImpl.newInstance0(Native Method)
	at sun.reflect.NativeConstructorAccessorImpl.newInstance(NativeConstructorAccessorImpl.java:57)
	at sun.reflect.DelegatingConstructorAccessorImpl.newInstance(DelegatingConstructorAccessorImpl.java:45)
	at java.lang.reflect.Constructor.newInstance(Constructor.java:526)
	at org.openqa.selenium.remote.ErrorHandler.createThrowable(ErrorHandler.java:204)
	at org.openqa.selenium.remote.ErrorHandler.throwIfResponseFailed(ErrorHandler.java:156)
	at org.openqa.selenium.remote.RemoteWebDriver.execute(RemoteWebDriver.java:599)
	at org.openqa.selenium.remote.RemoteWebDriver.findElement(RemoteWebDriver.java:352)
	at org.openqa.selenium.remote.RemoteWebDriver.findElementByXPath(RemoteWebDriver.java:449)
	at org.openqa.selenium.By$ByXPath.findElement(By.java:357)
	at org.openqa.selenium.remote.RemoteWebDriver.findElement(RemoteWebDriver.java:344)
	at src.coms.bidapp.PostDiscussion.NewPost(PostDiscussion.java:48)
	at sun.reflect.GeneratedMethodAccessor7.invoke(Unknown Source)
	at sun.reflect.DelegatingMethodAccessorImpl.invoke(DelegatingMethodAccessorImpl.java:43)
	at java.lang.reflect.Method.invoke(Method.java:606)
	at org.testng.internal.MethodInvocationHelper.invokeMethod(MethodInvocationHelper.java:85)
	at org.testng.internal.Invoker.invokeMethod(Invoker.java:648)
	at org.testng.internal.Invoker.invokeTestMethod(Invoker.java:834)
	at org.testng.internal.Invoker.invokeTestMethods(Invoker.java:1142)
	at org.testng.internal.TestMethodWorker.invokeTestMethods(TestMethodWorker.java:124)
	at org.testng.internal.TestMethodWorker.run(TestMethodWorker.java:108)
	at org.testng.TestRunner.privateRun(TestRunner.java:771)
	at org.testng.TestRunner.run(TestRunner.java:621)
	at org.testng.SuiteRunner.runTest(SuiteRunner.java:357)
	at org.testng.SuiteRunner.runSequentially(SuiteRunner.java:352)
	at org.testng.SuiteRunner.privateRun(SuiteRunner.java:310)
	at org.testng.SuiteRunner.run(SuiteRunner.java:259)
	at org.testng.SuiteRunnerWorker.runSuite(SuiteRunnerWorker.java:52)
	at org.testng.SuiteRunnerWorker.run(SuiteRunnerWorker.java:86)
	at org.testng.TestNG.runSuitesSequentially(TestNG.java:1176)
	at org.testng.TestNG.runSuitesLocally(TestNG.java:1101)
	at org.testng.TestNG.run(TestNG.java:1009)
	at org.testng.remote.RemoteTestNG.run(RemoteTestNG.java:111)
	at org.testng.remote.RemoteTestNG.initAndRun(RemoteTestNG.java:204)
	at org.testng.remote.RemoteTestNG.main(RemoteTestNG.java:175)
Caused by: org.openqa.selenium.NoSuchElementException: Unable to locate element: {"method":"xpath","selector":"/html/body/div/div/div/table/tbody/tr/td[2]/img"}
For documentation on this error, please visit: http://seleniumhq.org/exceptions/no_such_element.html
Build info: version: 'unknown', revision: 'unknown', time: 'unknown'
System info: host: 'TRICONNODE109', ip: '192.168.1.109', os.name: 'Windows 7', os.arch: 'amd64', os.version: '6.1', java.version: '1.7.0_80-ea'
Driver info: driver.version: unknown
	at <anonymous class>.FirefoxDriver.prototype.findElementInternal_(file:///C:/Users/mahadev/AppData/Local/Temp/anonymous7297481395726948144webdriver-profile/extensions/fxdriver@googlecode.com/components/driver-component.js:10271)
	at <anonymous class>.fxdriver.Timer.prototype.setTimeout/<.notify(file:///C:/Users/mahadev/AppData/Local/Temp/anonymous7297481395726948144webdriver-profile/extensions/fxdriver@googlecode.com/components/driver-component.js:603)
]]>
    </error>
  </testcase> <!-- NewPost -->
  <testcase name="NewPost" time="21.799" classname="src.coms.bidapp.PostDiscussion"/>
  <testcase name="NewPost" time="18.333" classname="src.coms.bidapp.PostDiscussion"/>
  <testcase name="NewPost" time="19.713" classname="src.coms.bidapp.PostDiscussion"/>
  <testcase name="NewPost" time="27.746" classname="src.coms.bidapp.PostDiscussion"/>
  <testcase name="NewPost" time="18.221" classname="src.coms.bidapp.PostDiscussion"/>
  <testcase name="NewPost" time="18.139" classname="src.coms.bidapp.PostDiscussion"/>
  <testcase name="NewPost" time="19.306" classname="src.coms.bidapp.PostDiscussion"/>
  <testcase name="NewPost" time="18.339" classname="src.coms.bidapp.PostDiscussion"/>
  <testcase name="NewPost" time="22.072" classname="src.coms.bidapp.PostDiscussion"/>
  <testcase name="NewPost" time="20.053" classname="src.coms.bidapp.PostDiscussion"/>
  <testcase name="NewPost" time="18.321" classname="src.coms.bidapp.PostDiscussion"/>
  <testcase name="NewPost" time="22.698" classname="src.coms.bidapp.PostDiscussion"/>
  <testcase name="NewPost" time="20.321" classname="src.coms.bidapp.PostDiscussion"/>
  <testcase name="NewPost" time="19.131" classname="src.coms.bidapp.PostDiscussion"/>
  <testcase name="NewPost" time="18.134" classname="src.coms.bidapp.PostDiscussion"/>
  <testcase name="NewPost" time="22.430" classname="src.coms.bidapp.PostDiscussion"/>
  <testcase name="NewPost" time="19.745" classname="src.coms.bidapp.PostDiscussion"/>
  <testcase name="NewPost" time="19.529" classname="src.coms.bidapp.PostDiscussion"/>
  <testcase name="NewPost" time="25.231" classname="src.coms.bidapp.PostDiscussion"/>
  <testcase name="NewPost" time="41.842" classname="src.coms.bidapp.PostDiscussion"/>
  <testcase name="NewPost" time="20.193" classname="src.coms.bidapp.PostDiscussion"/>
  <testcase name="NewPost" time="19.800" classname="src.coms.bidapp.PostDiscussion"/>
  <testcase name="NewPost" time="21.067" classname="src.coms.bidapp.PostDiscussion"/>
  <testcase name="NewPost" time="19.452" classname="src.coms.bidapp.PostDiscussion"/>
  <testcase name="NewPost" time="16.836" classname="src.coms.bidapp.PostDiscussion"/>
  <testcase name="NewPost" time="19.503" classname="src.coms.bidapp.PostDiscussion"/>
  <testcase name="NewPost" time="17.817" classname="src.coms.bidapp.PostDiscussion"/>
  <testcase name="NewPost" time="21.593" classname="src.coms.bidapp.PostDiscussion"/>
  <testcase name="NewPost" time="19.034" classname="src.coms.bidapp.PostDiscussion"/>
  <testcase name="NewPost" time="18.188" classname="src.coms.bidapp.PostDiscussion"/>
  <testcase name="NewPost" time="18.199" classname="src.coms.bidapp.PostDiscussion"/>
  <testcase name="NewPost" time="19.031" classname="src.coms.bidapp.PostDiscussion"/>
  <testcase name="NewPost" time="20.219" classname="src.coms.bidapp.PostDiscussion"/>
  <testcase name="NewPost" time="17.943" classname="src.coms.bidapp.PostDiscussion"/>
  <testcase name="NewPost" time="19.753" classname="src.coms.bidapp.PostDiscussion"/>
  <testcase name="NewPost" time="22.717" classname="src.coms.bidapp.PostDiscussion"/>
  <testcase name="NewPost" time="19.003" classname="src.coms.bidapp.PostDiscussion"/>
  <testcase name="NewPost" time="19.946" classname="src.coms.bidapp.PostDiscussion"/>
  <testcase name="NewPost" time="17.878" classname="src.coms.bidapp.PostDiscussion"/>
  <testcase name="NewPost" time="22.849" classname="src.coms.bidapp.PostDiscussion"/>
  <testcase name="NewPost" time="19.644" classname="src.coms.bidapp.PostDiscussion"/>
  <testcase name="NewPost" time="33.594" classname="src.coms.bidapp.PostDiscussion"/>
  <testcase name="NewPost" time="18.175" classname="src.coms.bidapp.PostDiscussion"/>
  <testcase name="NewPost" time="18.297" classname="src.coms.bidapp.PostDiscussion"/>
  <testcase name="NewPost" time="20.691" classname="src.coms.bidapp.PostDiscussion"/>
  <testcase name="NewPost" time="18.379" classname="src.coms.bidapp.PostDiscussion"/>
  <testcase name="NewPost" time="23.695" classname="src.coms.bidapp.PostDiscussion"/>
  <testcase name="NewPost" time="22.261" classname="src.coms.bidapp.PostDiscussion"/>
  <testcase name="NewPost" time="32.005" classname="src.coms.bidapp.PostDiscussion"/>
  <testcase name="NewPost" time="24.911" classname="src.coms.bidapp.PostDiscussion"/>
  <testcase name="NewPost" time="20.336" classname="src.coms.bidapp.PostDiscussion"/>
  <testcase name="NewPost" time="18.625" classname="src.coms.bidapp.PostDiscussion"/>
  <testcase name="NewPost" time="21.561" classname="src.coms.bidapp.PostDiscussion"/>
  <testcase name="NewPost" time="20.899" classname="src.coms.bidapp.PostDiscussion"/>
  <testcase name="NewPost" time="17.667" classname="src.coms.bidapp.PostDiscussion"/>
  <testcase name="NewPost" time="19.126" classname="src.coms.bidapp.PostDiscussion"/>
  <testcase name="NewPost" time="18.719" classname="src.coms.bidapp.PostDiscussion"/>
  <testcase name="NewPost" time="22.904" classname="src.coms.bidapp.PostDiscussion"/>
  <testcase name="NewPost" time="19.444" classname="src.coms.bidapp.PostDiscussion"/>
  <testcase name="NewPost" time="18.589" classname="src.coms.bidapp.PostDiscussion"/>
  <testcase name="NewPost" time="21.263" classname="src.coms.bidapp.PostDiscussion"/>
  <testcase name="NewPost" time="18.340" classname="src.coms.bidapp.PostDiscussion"/>
  <testcase name="NewPost" time="19.948" classname="src.coms.bidapp.PostDiscussion"/>
  <testcase name="NewPost" time="20.139" classname="src.coms.bidapp.PostDiscussion"/>
  <testcase name="NewPost" time="18.643" classname="src.coms.bidapp.PostDiscussion"/>
  <testcase name="NewPost" time="17.812" classname="src.coms.bidapp.PostDiscussion"/>
  <testcase name="NewPost" time="19.411" classname="src.coms.bidapp.PostDiscussion"/>
  <testcase name="NewPost" time="20.528" classname="src.coms.bidapp.PostDiscussion"/>
  <testcase name="NewPost" time="20.156" classname="src.coms.bidapp.PostDiscussion"/>
  <testcase name="NewPost" time="18.239" classname="src.coms.bidapp.PostDiscussion"/>
  <testcase name="NewPost" time="19.976" classname="src.coms.bidapp.PostDiscussion"/>
  <testcase name="NewPost" time="19.481" classname="src.coms.bidapp.PostDiscussion"/>
  <testcase name="NewPost" time="18.978" classname="src.coms.bidapp.PostDiscussion"/>
  <testcase name="NewPost" time="19.017" classname="src.coms.bidapp.PostDiscussion"/>
  <testcase name="NewPost" time="19.037" classname="src.coms.bidapp.PostDiscussion"/>
  <testcase name="NewPost" time="19.057" classname="src.coms.bidapp.PostDiscussion"/>
  <testcase name="NewPost" time="21.451" classname="src.coms.bidapp.PostDiscussion"/>
  <testcase name="NewPost" time="23.912" classname="src.coms.bidapp.PostDiscussion"/>
  <testcase name="NewPost" time="18.816" classname="src.coms.bidapp.PostDiscussion"/>
  <testcase name="NewPost" time="21.780" classname="src.coms.bidapp.PostDiscussion"/>
  <testcase name="NewPost" time="18.854" classname="src.coms.bidapp.PostDiscussion"/>
  <testcase name="NewPost" time="24.775" classname="src.coms.bidapp.PostDiscussion"/>
  <testcase name="NewPost" time="16.949" classname="src.coms.bidapp.PostDiscussion"/>
  <testcase name="NewPost" time="18.323" classname="src.coms.bidapp.PostDiscussion"/>
  <testcase name="NewPost" time="19.302" classname="src.coms.bidapp.PostDiscussion"/>
  <testcase name="NewPost" time="22.787" classname="src.coms.bidapp.PostDiscussion"/>
  <testcase name="NewPost" time="20.754" classname="src.coms.bidapp.PostDiscussion"/>
  <testcase name="NewPost" time="26.451" classname="src.coms.bidapp.PostDiscussion"/>
  <testcase name="NewPost" time="18.990" classname="src.coms.bidapp.PostDiscussion"/>
  <testcase name="NewPost" time="19.134" classname="src.coms.bidapp.PostDiscussion"/>
  <testcase name="NewPost" time="29.734" classname="src.coms.bidapp.PostDiscussion"/>
  <testcase name="NewPost" time="19.564" classname="src.coms.bidapp.PostDiscussion"/>
  <testcase name="NewPost" time="19.420" classname="src.coms.bidapp.PostDiscussion"/>
  <testcase name="NewPost" time="17.332" classname="src.coms.bidapp.PostDiscussion"/>
  <testcase name="NewPost" time="18.016" classname="src.coms.bidapp.PostDiscussion"/>
  <testcase name="NewPost" time="27.830" classname="src.coms.bidapp.PostDiscussion"/>
  <testcase name="NewPost" time="28.842" classname="src.coms.bidapp.PostDiscussion"/>
  <testcase name="NewPost" time="20.655" classname="src.coms.bidapp.PostDiscussion"/>
  <testcase name="NewPost" time="17.688" classname="src.coms.bidapp.PostDiscussion"/>
  <testcase name="NewPost" time="18.173" classname="src.coms.bidapp.PostDiscussion"/>
  <testcase name="NewPost" time="19.418" classname="src.coms.bidapp.PostDiscussion"/>
  <testcase name="NewPost" time="17.933" classname="src.coms.bidapp.PostDiscussion"/>
  <testcase name="NewPost" time="23.336" classname="src.coms.bidapp.PostDiscussion"/>
  <testcase name="NewPost" time="19.417" classname="src.coms.bidapp.PostDiscussion"/>
  <testcase name="NewPost" time="19.272" classname="src.coms.bidapp.PostDiscussion"/>
  <testcase name="NewPost" time="18.483" classname="src.coms.bidapp.PostDiscussion"/>
  <testcase name="NewPost" time="18.724" classname="src.coms.bidapp.PostDiscussion"/>
  <testcase name="NewPost" time="17.511" classname="src.coms.bidapp.PostDiscussion"/>
  <testcase name="NewPost" time="20.649" classname="src.coms.bidapp.PostDiscussion"/>
  <testcase name="NewPost" time="17.977" classname="src.coms.bidapp.PostDiscussion"/>
  <testcase name="NewPost" time="19.034" classname="src.coms.bidapp.PostDiscussion"/>
  <testcase name="NewPost" time="22.404" classname="src.coms.bidapp.PostDiscussion"/>
  <testcase name="NewPost" time="22.458" classname="src.coms.bidapp.PostDiscussion"/>
  <testcase name="NewPost" time="26.844" classname="src.coms.bidapp.PostDiscussion">
    <error type="org.openqa.selenium.remote.UnreachableBrowserException" message="Error communicating with the remote browser. It may have died.
Build info: version: &#039;unknown&#039;, revision: &#039;unknown&#039;, time: &#039;unknown&#039;
System info: host: &#039;TRICONNODE109&#039;, ip: &#039;192.168.1.109&#039;, os.name: &#039;Windows 7&#039;, os.arch: &#039;amd64&#039;, os.version: &#039;6.1&#039;, java.version: &#039;1.7.0_80-ea&#039;
Driver info: driver.version: RemoteWebDriver">
      <![CDATA[org.openqa.selenium.remote.UnreachableBrowserException: Error communicating with the remote browser. It may have died.
Build info: version: 'unknown', revision: 'unknown', time: 'unknown'
System info: host: 'TRICONNODE109', ip: '192.168.1.109', os.name: 'Windows 7', os.arch: 'amd64', os.version: '6.1', java.version: '1.7.0_80-ea'
Driver info: driver.version: RemoteWebDriver
	at org.openqa.selenium.remote.RemoteWebDriver.execute(RemoteWebDriver.java:593)
	at org.openqa.selenium.remote.RemoteWebDriver.findElement(RemoteWebDriver.java:352)
	at org.openqa.selenium.remote.RemoteWebDriver.findElementByXPath(RemoteWebDriver.java:449)
	at org.openqa.selenium.By$ByXPath.findElement(By.java:357)
	at org.openqa.selenium.remote.RemoteWebDriver.findElement(RemoteWebDriver.java:344)
	at src.coms.bidapp.PostDiscussion.NewPost(PostDiscussion.java:48)
	at sun.reflect.NativeMethodAccessorImpl.invoke0(Native Method)
	at sun.reflect.NativeMethodAccessorImpl.invoke(NativeMethodAccessorImpl.java:57)
	at sun.reflect.DelegatingMethodAccessorImpl.invoke(DelegatingMethodAccessorImpl.java:43)
	at java.lang.reflect.Method.invoke(Method.java:606)
	at org.testng.internal.MethodInvocationHelper.invokeMethod(MethodInvocationHelper.java:85)
	at org.testng.internal.Invoker.invokeMethod(Invoker.java:648)
	at org.testng.internal.Invoker.invokeTestMethod(Invoker.java:834)
	at org.testng.internal.Invoker.invokeTestMethods(Invoker.java:1142)
	at org.testng.internal.TestMethodWorker.invokeTestMethods(TestMethodWorker.java:124)
	at org.testng.internal.TestMethodWorker.run(TestMethodWorker.java:108)
	at org.testng.TestRunner.privateRun(TestRunner.java:771)
	at org.testng.TestRunner.run(TestRunner.java:621)
	at org.testng.SuiteRunner.runTest(SuiteRunner.java:357)
	at org.testng.SuiteRunner.runSequentially(SuiteRunner.java:352)
	at org.testng.SuiteRunner.privateRun(SuiteRunner.java:310)
	at org.testng.SuiteRunner.run(SuiteRunner.java:259)
	at org.testng.SuiteRunnerWorker.runSuite(SuiteRunnerWorker.java:52)
	at org.testng.SuiteRunnerWorker.run(SuiteRunnerWorker.java:86)
	at org.testng.TestNG.runSuitesSequentially(TestNG.java:1176)
	at org.testng.TestNG.runSuitesLocally(TestNG.java:1101)
	at org.testng.TestNG.run(TestNG.java:1009)
	at org.testng.remote.RemoteTestNG.run(RemoteTestNG.java:111)
	at org.testng.remote.RemoteTestNG.initAndRun(RemoteTestNG.java:204)
	at org.testng.remote.RemoteTestNG.main(RemoteTestNG.java:175)
Caused by: org.apache.http.conn.HttpHostConnectException: Connect to 127.0.0.1:7055 [/127.0.0.1] failed: Connection refused: connect
	at org.apache.http.impl.conn.HttpClientConnectionOperator.connect(HttpClientConnectionOperator.java:140)
	at org.apache.http.impl.conn.PoolingHttpClientConnectionManager.connect(PoolingHttpClientConnectionManager.java:318)
	at org.apache.http.impl.execchain.MainClientExec.establishRoute(MainClientExec.java:363)
	at org.apache.http.impl.execchain.MainClientExec.execute(MainClientExec.java:219)
	at org.apache.http.impl.execchain.ProtocolExec.execute(ProtocolExec.java:195)
	at org.apache.http.impl.execchain.RetryExec.execute(RetryExec.java:86)
	at org.apache.http.impl.execchain.RedirectExec.execute(RedirectExec.java:108)
	at org.apache.http.impl.client.InternalHttpClient.doExecute(InternalHttpClient.java:184)
	at org.apache.http.impl.client.CloseableHttpClient.execute(CloseableHttpClient.java:72)
	at org.apache.http.impl.client.CloseableHttpClient.execute(CloseableHttpClient.java:57)
	at org.openqa.selenium.remote.internal.ApacheHttpClient.fallBackExecute(ApacheHttpClient.java:144)
	at org.openqa.selenium.remote.internal.ApacheHttpClient.execute(ApacheHttpClient.java:72)
	at org.openqa.selenium.remote.HttpCommandExecutor.execute(HttpCommandExecutor.java:133)
	at org.openqa.selenium.firefox.internal.NewProfileExtensionConnection.execute(NewProfileExtensionConnection.java:165)
	at org.openqa.selenium.firefox.FirefoxDriver$LazyCommandExecutor.execute(FirefoxDriver.java:362)
	at org.openqa.selenium.remote.RemoteWebDriver.execute(RemoteWebDriver.java:572)
	... 29 more
Caused by: java.net.ConnectException: Connection refused: connect
	at java.net.DualStackPlainSocketImpl.waitForConnect(Native Method)
	at java.net.DualStackPlainSocketImpl.socketConnect(DualStackPlainSocketImpl.java:85)
	at java.net.AbstractPlainSocketImpl.doConnect(AbstractPlainSocketImpl.java:339)
	at java.net.AbstractPlainSocketImpl.connectToAddress(AbstractPlainSocketImpl.java:200)
	at java.net.AbstractPlainSocketImpl.connect(AbstractPlainSocketImpl.java:182)
	at java.net.PlainSocketImpl.connect(PlainSocketImpl.java:172)
	at java.net.SocksSocketImpl.connect(SocksSocketImpl.java:392)
	at java.net.Socket.connect(Socket.java:579)
	at org.apache.http.conn.socket.PlainConnectionSocketFactory.connectSocket(PlainConnectionSocketFactory.java:72)
	at org.apache.http.impl.conn.HttpClientConnectionOperator.connect(HttpClientConnectionOperator.java:123)
	... 44 more
]]>
    </error>
  </testcase> <!-- NewPost -->
  <testcase name="NewPost" time="19.166" classname="src.coms.bidapp.PostDiscussion"/>
  <testcase name="NewPost" time="21.546" classname="src.coms.bidapp.PostDiscussion"/>
  <testcase name="NewPost" time="18.925" classname="src.coms.bidapp.PostDiscussion"/>
  <testcase name="NewPost" time="20.666" classname="src.coms.bidapp.PostDiscussion"/>
  <testcase name="NewPost" time="18.803" classname="src.coms.bidapp.PostDiscussion"/>
  <testcase name="NewPost" time="30.508" classname="src.coms.bidapp.PostDiscussion"/>
  <testcase name="NewPost" time="19.918" classname="src.coms.bidapp.PostDiscussion"/>
  <testcase name="NewPost" time="20.005" classname="src.coms.bidapp.PostDiscussion"/>
  <testcase name="NewPost" time="20.050" classname="src.coms.bidapp.PostDiscussion"/>
  <testcase name="NewPost" time="18.509" classname="src.coms.bidapp.PostDiscussion"/>
  <testcase name="NewPost" time="19.450" classname="src.coms.bidapp.PostDiscussion"/>
  <testcase name="NewPost" time="19.052" classname="src.coms.bidapp.PostDiscussion"/>
  <testcase name="NewPost" time="18.930" classname="src.coms.bidapp.PostDiscussion"/>
  <testcase name="NewPost" time="20.185" classname="src.coms.bidapp.PostDiscussion"/>
  <testcase name="NewPost" time="44.487" classname="src.coms.bidapp.PostDiscussion">
    <error type="org.openqa.selenium.NoSuchElementException" message="Unable to locate element: {&quot;method&quot;:&quot;xpath&quot;,&quot;selector&quot;:&quot;/html/body/div/div/div/table/tbody/tr/td[2]/img&quot;}
Command duration or timeout: 30.15 seconds
For documentation on this error, please visit: http://seleniumhq.org/exceptions/no_such_element.html
Build info: version: &#039;unknown&#039;, revision: &#039;unknown&#039;, time: &#039;unknown&#039;
System info: host: &#039;TRICONNODE109&#039;, ip: &#039;192.168.1.109&#039;, os.name: &#039;Windows 7&#039;, os.arch: &#039;amd64&#039;, os.version: &#039;6.1&#039;, java.version: &#039;1.7.0_80-ea&#039;
*** Element info: {Using=xpath, value=/html/body/div/div/div/table/tbody/tr/td[2]/img}
Session ID: fa2748ac-d145-47d2-84e5-8fda5436147a
Driver info: org.openqa.selenium.firefox.FirefoxDriver
Capabilities [{platform=WINDOWS, acceptSslCerts=true, javascriptEnabled=true, cssSelectorsEnabled=true, databaseEnabled=true, browserName=firefox, handlesAlerts=true, nativeEvents=false, webStorageEnabled=true, rotatable=false, locationContextEnabled=true, applicationCacheEnabled=true, takesScreenshot=true, version=41.0.2}]">
      <![CDATA[org.openqa.selenium.NoSuchElementException: Unable to locate element: {"method":"xpath","selector":"/html/body/div/div/div/table/tbody/tr/td[2]/img"}
Command duration or timeout: 30.15 seconds
For documentation on this error, please visit: http://seleniumhq.org/exceptions/no_such_element.html
Build info: version: 'unknown', revision: 'unknown', time: 'unknown'
System info: host: 'TRICONNODE109', ip: '192.168.1.109', os.name: 'Windows 7', os.arch: 'amd64', os.version: '6.1', java.version: '1.7.0_80-ea'
*** Element info: {Using=xpath, value=/html/body/div/div/div/table/tbody/tr/td[2]/img}
Session ID: fa2748ac-d145-47d2-84e5-8fda5436147a
Driver info: org.openqa.selenium.firefox.FirefoxDriver
Capabilities [{platform=WINDOWS, acceptSslCerts=true, javascriptEnabled=true, cssSelectorsEnabled=true, databaseEnabled=true, browserName=firefox, handlesAlerts=true, nativeEvents=false, webStorageEnabled=true, rotatable=false, locationContextEnabled=true, applicationCacheEnabled=true, takesScreenshot=true, version=41.0.2}]
	at sun.reflect.NativeConstructorAccessorImpl.newInstance0(Native Method)
	at sun.reflect.NativeConstructorAccessorImpl.newInstance(NativeConstructorAccessorImpl.java:57)
	at sun.reflect.DelegatingConstructorAccessorImpl.newInstance(DelegatingConstructorAccessorImpl.java:45)
	at java.lang.reflect.Constructor.newInstance(Constructor.java:526)
	at org.openqa.selenium.remote.ErrorHandler.createThrowable(ErrorHandler.java:204)
	at org.openqa.selenium.remote.ErrorHandler.throwIfResponseFailed(ErrorHandler.java:156)
	at org.openqa.selenium.remote.RemoteWebDriver.execute(RemoteWebDriver.java:599)
	at org.openqa.selenium.remote.RemoteWebDriver.findElement(RemoteWebDriver.java:352)
	at org.openqa.selenium.remote.RemoteWebDriver.findElementByXPath(RemoteWebDriver.java:449)
	at org.openqa.selenium.By$ByXPath.findElement(By.java:357)
	at org.openqa.selenium.remote.RemoteWebDriver.findElement(RemoteWebDriver.java:344)
	at src.coms.bidapp.PostDiscussion.NewPost(PostDiscussion.java:48)
	at sun.reflect.GeneratedMethodAccessor7.invoke(Unknown Source)
	at sun.reflect.DelegatingMethodAccessorImpl.invoke(DelegatingMethodAccessorImpl.java:43)
	at java.lang.reflect.Method.invoke(Method.java:606)
	at org.testng.internal.MethodInvocationHelper.invokeMethod(MethodInvocationHelper.java:85)
	at org.testng.internal.Invoker.invokeMethod(Invoker.java:648)
	at org.testng.internal.Invoker.invokeTestMethod(Invoker.java:834)
	at org.testng.internal.Invoker.invokeTestMethods(Invoker.java:1142)
	at org.testng.internal.TestMethodWorker.invokeTestMethods(TestMethodWorker.java:124)
	at org.testng.internal.TestMethodWorker.run(TestMethodWorker.java:108)
	at org.testng.TestRunner.privateRun(TestRunner.java:771)
	at org.testng.TestRunner.run(TestRunner.java:621)
	at org.testng.SuiteRunner.runTest(SuiteRunner.java:357)
	at org.testng.SuiteRunner.runSequentially(SuiteRunner.java:352)
	at org.testng.SuiteRunner.privateRun(SuiteRunner.java:310)
	at org.testng.SuiteRunner.run(SuiteRunner.java:259)
	at org.testng.SuiteRunnerWorker.runSuite(SuiteRunnerWorker.java:52)
	at org.testng.SuiteRunnerWorker.run(SuiteRunnerWorker.java:86)
	at org.testng.TestNG.runSuitesSequentially(TestNG.java:1176)
	at org.testng.TestNG.runSuitesLocally(TestNG.java:1101)
	at org.testng.TestNG.run(TestNG.java:1009)
	at org.testng.remote.RemoteTestNG.run(RemoteTestNG.java:111)
	at org.testng.remote.RemoteTestNG.initAndRun(RemoteTestNG.java:204)
	at org.testng.remote.RemoteTestNG.main(RemoteTestNG.java:175)
Caused by: org.openqa.selenium.NoSuchElementException: Unable to locate element: {"method":"xpath","selector":"/html/body/div/div/div/table/tbody/tr/td[2]/img"}
For documentation on this error, please visit: http://seleniumhq.org/exceptions/no_such_element.html
Build info: version: 'unknown', revision: 'unknown', time: 'unknown'
System info: host: 'TRICONNODE109', ip: '192.168.1.109', os.name: 'Windows 7', os.arch: 'amd64', os.version: '6.1', java.version: '1.7.0_80-ea'
Driver info: driver.version: unknown
	at <anonymous class>.FirefoxDriver.prototype.findElementInternal_(file:///C:/Users/mahadev/AppData/Local/Temp/anonymous6456560773458166913webdriver-profile/extensions/fxdriver@googlecode.com/components/driver-component.js:10271)
	at <anonymous class>.fxdriver.Timer.prototype.setTimeout/<.notify(file:///C:/Users/mahadev/AppData/Local/Temp/anonymous6456560773458166913webdriver-profile/extensions/fxdriver@googlecode.com/components/driver-component.js:603)
]]>
    </error>
  </testcase> <!-- NewPost -->
  <testcase name="NewPost" time="19.012" classname="src.coms.bidapp.PostDiscussion"/>
  <testcase name="NewPost" time="16.773" classname="src.coms.bidapp.PostDiscussion"/>
  <testcase name="NewPost" time="19.142" classname="src.coms.bidapp.PostDiscussion"/>
  <testcase name="NewPost" time="22.729" classname="src.coms.bidapp.PostDiscussion"/>
  <testcase name="NewPost" time="18.013" classname="src.coms.bidapp.PostDiscussion"/>
  <testcase name="NewPost" time="20.027" classname="src.coms.bidapp.PostDiscussion"/>
  <testcase name="NewPost" time="20.840" classname="src.coms.bidapp.PostDiscussion"/>
</testsuite> <!-- src.coms.bidapp.PostDiscussion -->
